<?xml version="1.0" encoding="UTF-8"?>
<!-- Generated by org.testng.reporters.JUnitXMLReporter -->
<testsuite hostname="DESKTOP-IBA81BL" ignored="0" name="Default test" tests="1" failures="0" timestamp="2020-06-21T23:15:02 IST" time="3.294" errors="0">
  <testcase name="@BeforeMethod BrowserLaunch" time="3.174" classname="org.testing.testscripts.TC1">
    <failure type="org.openqa.selenium.SessionNotCreatedException" message="session not created: This version of ChromeDriver only supports Chrome version 80
Build info: version: &amp;apos;3.141.59&amp;apos;, revision: &amp;apos;e82be7d358&amp;apos;, time: &amp;apos;2018-11-14T08:25:48&amp;apos;
System info: host: &amp;apos;DESKTOP-IBA81BL&amp;apos;, ip: &amp;apos;192.168.0.103&amp;apos;, os.name: &amp;apos;Windows 10&amp;apos;, os.arch: &amp;apos;amd64&amp;apos;, os.version: &amp;apos;10.0&amp;apos;, java.version: &amp;apos;1.8.0_231&amp;apos;
Driver info: driver.version: ChromeDriver
remote stacktrace: Backtrace:
	Ordinal0 [0x00290C83+1707139]
	Ordinal0 [0x001F68F1+1075441]
	Ordinal0 [0x0016DFC9+516041]
	Ordinal0 [0x00100554+66900]
	Ordinal0 [0x000FCCE2+52450]
	Ordinal0 [0x0011BFD7+180183]
	Ordinal0 [0x0011BDDD+179677]
	Ordinal0 [0x00119D4B+171339]
	Ordinal0 [0x00101D4A+73034]
	Ordinal0 [0x00102DC0+77248]
	Ordinal0 [0x00102D59+77145]
	Ordinal0 [0x0020BB67+1162087]
	GetHandleVerifier [0x0032A966+508998]
	GetHandleVerifier [0x0032A6A4+508292]
	GetHandleVerifier [0x0033F7B7+594583]
	GetHandleVerifier [0x0032B1D6+511158]
	Ordinal0 [0x0020402C+1130540]
	Ordinal0 [0x0020D4CB+1168587]
	Ordinal0 [0x0020D633+1168947]
	Ordinal0 [0x00225B35+1268533]
	BaseThreadInitThunk [0x753A6359+25]
	RtlGetAppContainerNamedObjectPath [0x77BE7C24+228]
	RtlGetAppContainerNamedObjectPath [0x77BE7BF4+180]
	(No symbol) [0x00000000]
">
      <![CDATA[org.openqa.selenium.SessionNotCreatedException: session not created: This version of ChromeDriver only supports Chrome version 80
Build info: version: '3.141.59', revision: 'e82be7d358', time: '2018-11-14T08:25:48'
System info: host: 'DESKTOP-IBA81BL', ip: '192.168.0.103', os.name: 'Windows 10', os.arch: 'amd64', os.version: '10.0', java.version: '1.8.0_231'
Driver info: driver.version: ChromeDriver
remote stacktrace: Backtrace:
Ordinal0 [0x00290C83+1707139]
Ordinal0 [0x001F68F1+1075441]
Ordinal0 [0x0016DFC9+516041]
Ordinal0 [0x00100554+66900]
Ordinal0 [0x000FCCE2+52450]
Ordinal0 [0x0011BFD7+180183]
Ordinal0 [0x0011BDDD+179677]
Ordinal0 [0x00119D4B+171339]
Ordinal0 [0x00101D4A+73034]
Ordinal0 [0x00102DC0+77248]
Ordinal0 [0x00102D59+77145]
Ordinal0 [0x0020BB67+1162087]
GetHandleVerifier [0x0032A966+508998]
GetHandleVerifier [0x0032A6A4+508292]
GetHandleVerifier [0x0033F7B7+594583]
GetHandleVerifier [0x0032B1D6+511158]
Ordinal0 [0x0020402C+1130540]
Ordinal0 [0x0020D4CB+1168587]
Ordinal0 [0x0020D633+1168947]
Ordinal0 [0x00225B35+1268533]
BaseThreadInitThunk [0x753A6359+25]
RtlGetAppContainerNamedObjectPath [0x77BE7C24+228]
RtlGetAppContainerNamedObjectPath [0x77BE7BF4+180]
(No symbol) [0x00000000]

at sun.reflect.NativeConstructorAccessorImpl.newInstance0(Native Method)
at sun.reflect.NativeConstructorAccessorImpl.newInstance(Unknown Source)
at sun.reflect.DelegatingConstructorAccessorImpl.newInstance(Unknown Source)
at java.lang.reflect.Constructor.newInstance(Unknown Source)
at org.openqa.selenium.remote.W3CHandshakeResponse.lambda$errorHandler$0(W3CHandshakeResponse.java:62)
at org.openqa.selenium.remote.HandshakeResponse.lambda$getResponseFunction$0(HandshakeResponse.java:30)
at org.openqa.selenium.remote.ProtocolHandshake.lambda$createSession$0(ProtocolHandshake.java:126)
at java.util.stream.ReferencePipeline$3$1.accept(Unknown Source)
at java.util.Spliterators$ArraySpliterator.tryAdvance(Unknown Source)
at java.util.stream.ReferencePipeline.forEachWithCancel(Unknown Source)
at java.util.stream.AbstractPipeline.copyIntoWithCancel(Unknown Source)
at java.util.stream.AbstractPipeline.copyInto(Unknown Source)
at java.util.stream.AbstractPipeline.wrapAndCopyInto(Unknown Source)
at java.util.stream.FindOps$FindOp.evaluateSequential(Unknown Source)
at java.util.stream.AbstractPipeline.evaluate(Unknown Source)
at java.util.stream.ReferencePipeline.findFirst(Unknown Source)
at org.openqa.selenium.remote.ProtocolHandshake.createSession(ProtocolHandshake.java:128)
at org.openqa.selenium.remote.ProtocolHandshake.createSession(ProtocolHandshake.java:74)
at org.openqa.selenium.remote.HttpCommandExecutor.execute(HttpCommandExecutor.java:136)
at org.openqa.selenium.remote.service.DriverCommandExecutor.execute(DriverCommandExecutor.java:83)
at org.openqa.selenium.remote.RemoteWebDriver.execute(RemoteWebDriver.java:552)
at org.openqa.selenium.remote.RemoteWebDriver.startSession(RemoteWebDriver.java:213)
at org.openqa.selenium.remote.RemoteWebDriver.<init>(RemoteWebDriver.java:131)
at org.openqa.selenium.chrome.ChromeDriver.<init>(ChromeDriver.java:181)
at org.openqa.selenium.chrome.ChromeDriver.<init>(ChromeDriver.java:168)
at org.openqa.selenium.chrome.ChromeDriver.<init>(ChromeDriver.java:123)
at org.testing.testscripts.TC1.BrowserLaunch(TC1.java:17)
at sun.reflect.NativeMethodAccessorImpl.invoke0(Native Method)
at sun.reflect.NativeMethodAccessorImpl.invoke(Unknown Source)
at sun.reflect.DelegatingMethodAccessorImpl.invoke(Unknown Source)
at java.lang.reflect.Method.invoke(Unknown Source)
at org.testng.internal.MethodInvocationHelper.invokeMethod(MethodInvocationHelper.java:135)
at org.testng.internal.MethodInvocationHelper.invokeMethodConsideringTimeout(MethodInvocationHelper.java:64)
at org.testng.internal.ConfigInvoker.invokeConfigurationMethod(ConfigInvoker.java:364)
at org.testng.internal.ConfigInvoker.invokeConfigurations(ConfigInvoker.java:318)
at org.testng.internal.TestInvoker.runConfigMethods(TestInvoker.java:700)
at org.testng.internal.TestInvoker.invokeMethod(TestInvoker.java:527)
at org.testng.internal.TestInvoker.invokeTestMethod(TestInvoker.java:174)
at org.testng.internal.MethodRunner.runInSequence(MethodRunner.java:46)
at org.testng.internal.TestInvoker$MethodInvocationAgent.invoke(TestInvoker.java:821)
at org.testng.internal.TestInvoker.invokeTestMethods(TestInvoker.java:147)
at org.testng.internal.TestMethodWorker.invokeTestMethods(TestMethodWorker.java:146)
at org.testng.internal.TestMethodWorker.run(TestMethodWorker.java:128)
at java.util.ArrayList.forEach(Unknown Source)
at org.testng.TestRunner.privateRun(TestRunner.java:767)
at org.testng.TestRunner.run(TestRunner.java:588)
at org.testng.SuiteRunner.runTest(SuiteRunner.java:384)
at org.testng.SuiteRunner.runSequentially(SuiteRunner.java:378)
at org.testng.SuiteRunner.privateRun(SuiteRunner.java:337)
at org.testng.SuiteRunner.run(SuiteRunner.java:286)
at org.testng.SuiteRunnerWorker.runSuite(SuiteRunnerWorker.java:53)
at org.testng.SuiteRunnerWorker.run(SuiteRunnerWorker.java:96)
at org.testng.TestNG.runSuitesSequentially(TestNG.java:1214)
at org.testng.TestNG.runSuitesLocally(TestNG.java:1136)
at org.testng.TestNG.runSuites(TestNG.java:1066)
at org.testng.TestNG.run(TestNG.java:1034)
at org.testng.remote.AbstractRemoteTestNG.run(AbstractRemoteTestNG.java:115)
at org.testng.remote.RemoteTestNG.initAndRun(RemoteTestNG.java:251)
at org.testng.remote.RemoteTestNG.main(RemoteTestNG.java:77)
]]>
    </failure>
  </testcase> <!-- @BeforeMethod BrowserLaunch -->
  <testcase name="@AfterMethod close" time="-1.592761502583E9" classname="org.testing.testscripts.TC1">
    <skipped/>
  </testcase> <!-- @AfterMethod close -->
  <testcase name="login" time="0.0" classname="org.testing.testscripts.TC1">
    <skipped/>
  </testcase> <!-- login -->
</testsuite> <!-- Default test -->
