<?xml version="1.0" encoding="UTF-8"?>
<!-- Generated by org.testng.reporters.JUnitReportReporter -->
<testsuite skipped="1" hostname="DESKTOP-0QCH4M5" name="org.testing.TestScripts.TC_7" tests="2" failures="0" timestamp="2021-02-02T15:27:03 IST" time="5.069" errors="1">
  <testcase name="Brlaunch" time="5.069" classname="org.testing.TestScripts.TC_7">
    <error type="org.openqa.selenium.SessionNotCreatedException" message="session not created
from chrome not reachable
  (Session info: chrome=88.0.4324.104)
Build info: version: &#039;3.141.5&#039;, revision: &#039;d54ebd709a&#039;, time: &#039;2018-11-06T11:42:16&#039;
System info: host: &#039;DESKTOP-0QCH4M5&#039;, ip: &#039;192.168.1.140&#039;, os.name: &#039;Windows 10&#039;, os.arch: &#039;amd64&#039;, os.version: &#039;10.0&#039;, java.version: &#039;1.8.0_191&#039;
Driver info: driver.version: ChromeDriver
remote stacktrace: Backtrace:
	Ordinal0 [0x00EAC0C3+3326147]
	Ordinal0 [0x00D90851+2164817]
	Ordinal0 [0x00C17140+618816]
	Ordinal0 [0x00C0D404+578564]
	Ordinal0 [0x00C0DACB+580299]
	Ordinal0 [0x00C0ED35+585013]
	Ordinal0 [0x00C09D61+564577]
	Ordinal0 [0x00C182C0+623296]
	Ordinal0 [0x00BB6BDD+224221]
	Ordinal0 [0x00BB5CAC+220332]
	Ordinal0 [0x00BB189B+202907]
	Ordinal0 [0x00B93DF4+81396]
	Ordinal0 [0x00B94DEE+85486]
	Ordinal0 [0x00B94D79+85369]
	Ordinal0 [0x00DA85DC+2262492]
	GetHandleVerifier [0x01032874+1487204]
	GetHandleVerifier [0x010323CD+1486013]
	GetHandleVerifier [0x0103A368+1518680]
	GetHandleVerifier [0x01032F4E+1488958]
	Ordinal0 [0x00D9ED0D+2223373]
	Ordinal0 [0x00DAA12B+2269483]
	Ordinal0 [0x00DAA26F+2269807]
	Ordinal0 [0x00DBECB8+2354360]
	BaseThreadInitThunk [0x76B18744+36]
	RtlGetAppContainerNamedObjectPath [0x77C3587D+253]
	RtlGetAppContainerNamedObjectPath [0x77C3584D+205]
">
      <![CDATA[org.openqa.selenium.SessionNotCreatedException: session not created
from chrome not reachable
  (Session info: chrome=88.0.4324.104)
Build info: version: '3.141.5', revision: 'd54ebd709a', time: '2018-11-06T11:42:16'
System info: host: 'DESKTOP-0QCH4M5', ip: '192.168.1.140', os.name: 'Windows 10', os.arch: 'amd64', os.version: '10.0', java.version: '1.8.0_191'
Driver info: driver.version: ChromeDriver
remote stacktrace: Backtrace:
Ordinal0 [0x00EAC0C3+3326147]
Ordinal0 [0x00D90851+2164817]
Ordinal0 [0x00C17140+618816]
Ordinal0 [0x00C0D404+578564]
Ordinal0 [0x00C0DACB+580299]
Ordinal0 [0x00C0ED35+585013]
Ordinal0 [0x00C09D61+564577]
Ordinal0 [0x00C182C0+623296]
Ordinal0 [0x00BB6BDD+224221]
Ordinal0 [0x00BB5CAC+220332]
Ordinal0 [0x00BB189B+202907]
Ordinal0 [0x00B93DF4+81396]
Ordinal0 [0x00B94DEE+85486]
Ordinal0 [0x00B94D79+85369]
Ordinal0 [0x00DA85DC+2262492]
GetHandleVerifier [0x01032874+1487204]
GetHandleVerifier [0x010323CD+1486013]
GetHandleVerifier [0x0103A368+1518680]
GetHandleVerifier [0x01032F4E+1488958]
Ordinal0 [0x00D9ED0D+2223373]
Ordinal0 [0x00DAA12B+2269483]
Ordinal0 [0x00DAA26F+2269807]
Ordinal0 [0x00DBECB8+2354360]
BaseThreadInitThunk [0x76B18744+36]
RtlGetAppContainerNamedObjectPath [0x77C3587D+253]
RtlGetAppContainerNamedObjectPath [0x77C3584D+205]

at sun.reflect.NativeConstructorAccessorImpl.newInstance0(Native Method)
at sun.reflect.NativeConstructorAccessorImpl.newInstance(Unknown Source)
at sun.reflect.DelegatingConstructorAccessorImpl.newInstance(Unknown Source)
at java.lang.reflect.Constructor.newInstance(Unknown Source)
at org.openqa.selenium.remote.W3CHandshakeResponse.lambda$errorHandler$0(W3CHandshakeResponse.java:62)
at org.openqa.selenium.remote.HandshakeResponse.lambda$getResponseFunction$0(HandshakeResponse.java:30)
at org.openqa.selenium.remote.ProtocolHandshake.lambda$createSession$0(ProtocolHandshake.java:123)
at java.util.stream.ReferencePipeline$3$1.accept(Unknown Source)
at java.util.Spliterators$ArraySpliterator.tryAdvance(Unknown Source)
at java.util.stream.ReferencePipeline.forEachWithCancel(Unknown Source)
at java.util.stream.AbstractPipeline.copyIntoWithCancel(Unknown Source)
at java.util.stream.AbstractPipeline.copyInto(Unknown Source)
at java.util.stream.AbstractPipeline.wrapAndCopyInto(Unknown Source)
at java.util.stream.FindOps$FindOp.evaluateSequential(Unknown Source)
at java.util.stream.AbstractPipeline.evaluate(Unknown Source)
at java.util.stream.ReferencePipeline.findFirst(Unknown Source)
at org.openqa.selenium.remote.ProtocolHandshake.createSession(ProtocolHandshake.java:125)
at org.openqa.selenium.remote.ProtocolHandshake.createSession(ProtocolHandshake.java:74)
at org.openqa.selenium.remote.HttpCommandExecutor.execute(HttpCommandExecutor.java:136)
at org.openqa.selenium.remote.service.DriverCommandExecutor.execute(DriverCommandExecutor.java:83)
at org.openqa.selenium.remote.RemoteWebDriver.execute(RemoteWebDriver.java:552)
at org.openqa.selenium.remote.RemoteWebDriver.startSession(RemoteWebDriver.java:213)
at org.openqa.selenium.remote.RemoteWebDriver.<init>(RemoteWebDriver.java:131)
at org.openqa.selenium.chrome.ChromeDriver.<init>(ChromeDriver.java:181)
at org.openqa.selenium.chrome.ChromeDriver.<init>(ChromeDriver.java:168)
at org.openqa.selenium.chrome.ChromeDriver.<init>(ChromeDriver.java:123)
at org.testing.Base.Base.Brlaunch(Base.java:27)
at sun.reflect.NativeMethodAccessorImpl.invoke0(Native Method)
at sun.reflect.NativeMethodAccessorImpl.invoke(Unknown Source)
at sun.reflect.DelegatingMethodAccessorImpl.invoke(Unknown Source)
at java.lang.reflect.Method.invoke(Unknown Source)
at org.testng.internal.MethodInvocationHelper.invokeMethod(MethodInvocationHelper.java:132)
at org.testng.internal.MethodInvocationHelper.invokeMethodConsideringTimeout(MethodInvocationHelper.java:61)
at org.testng.internal.ConfigInvoker.invokeConfigurationMethod(ConfigInvoker.java:366)
at org.testng.internal.ConfigInvoker.invokeConfigurations(ConfigInvoker.java:320)
at org.testng.internal.TestInvoker.runConfigMethods(TestInvoker.java:701)
at org.testng.internal.TestInvoker.invokeMethod(TestInvoker.java:527)
at org.testng.internal.TestInvoker.invokeTestMethod(TestInvoker.java:174)
at org.testng.internal.MethodRunner.runInSequence(MethodRunner.java:46)
at org.testng.internal.TestInvoker$MethodInvocationAgent.invoke(TestInvoker.java:822)
at org.testng.internal.TestInvoker.invokeTestMethods(TestInvoker.java:147)
at org.testng.internal.TestMethodWorker.invokeTestMethods(TestMethodWorker.java:146)
at org.testng.internal.TestMethodWorker.run(TestMethodWorker.java:128)
at java.util.ArrayList.forEach(Unknown Source)
at org.testng.TestRunner.privateRun(TestRunner.java:764)
at org.testng.TestRunner.run(TestRunner.java:585)
at org.testng.SuiteRunner.runTest(SuiteRunner.java:384)
at org.testng.SuiteRunner.runSequentially(SuiteRunner.java:378)
at org.testng.SuiteRunner.privateRun(SuiteRunner.java:337)
at org.testng.SuiteRunner.run(SuiteRunner.java:286)
at org.testng.SuiteRunnerWorker.runSuite(SuiteRunnerWorker.java:53)
at org.testng.SuiteRunnerWorker.run(SuiteRunnerWorker.java:96)
at org.testng.TestNG.runSuitesSequentially(TestNG.java:1218)
at org.testng.TestNG.runSuitesLocally(TestNG.java:1140)
at org.testng.TestNG.runSuites(TestNG.java:1069)
at org.testng.TestNG.run(TestNG.java:1037)
at org.testng.remote.AbstractRemoteTestNG.run(AbstractRemoteTestNG.java:115)
at org.testng.remote.RemoteTestNG.initAndRun(RemoteTestNG.java:251)
at org.testng.remote.RemoteTestNG.main(RemoteTestNG.java:77)
]]>
    </error>
  </testcase> <!-- Brlaunch -->
  <system-out/>
  <testcase name="login" time="0.000" classname="org.testing.TestScripts.TC_7">
    <skipped/>
  </testcase> <!-- login -->
  <system-out/>
</testsuite> <!-- org.testing.TestScripts.TC_7 -->
